src/domain/services/NfcSealService.ts(364,28): error TS2551: Property 'serialNumber' does not exist on type '{ verifications: { id: string; location: string | null; latitude: Decimal | null; longitude: Decimal | null; notes: string | null; isValid: boolean; verifiedAt: Date; ... 4 more ...; deviceType: string | null; }[]; } & { ...; }'. Did you mean 'sealNumber'?
src/domain/services/NfcSealService.ts(367,25): error TS2339: Property 'publicKey' does not exist on type '{ verifications: { id: string; location: string | null; latitude: Decimal | null; longitude: Decimal | null; notes: string | null; isValid: boolean; verifiedAt: Date; ... 4 more ...; deviceType: string | null; }[]; } & { ...; }'.
src/domain/services/NfcSealService.ts(368,35): error TS2339: Property 'encryptedPrivateKey' does not exist on type '{ verifications: { id: string; location: string | null; latitude: Decimal | null; longitude: Decimal | null; notes: string | null; isValid: boolean; verifiedAt: Date; ... 4 more ...; deviceType: string | null; }[]; } & { ...; }'.
src/domain/services/NfcSealService.ts(369,25): error TS2339: Property 'challenge' does not exist on type '{ verifications: { id: string; location: string | null; latitude: Decimal | null; longitude: Decimal | null; notes: string | null; isValid: boolean; verifiedAt: Date; ... 4 more ...; deviceType: string | null; }[]; } & { ...; }'.
src/domain/services/NfcSealService.ts(370,33): error TS2339: Property 'expectedReadCount' does not exist on type '{ verifications: { id: string; location: string | null; latitude: Decimal | null; longitude: Decimal | null; notes: string | null; isValid: boolean; verifiedAt: Date; ... 4 more ...; deviceType: string | null; }[]; } & { ...; }'.
src/domain/services/NfcSealService.ts(371,31): error TS2339: Property 'actualReadCount' does not exist on type '{ verifications: { id: string; location: string | null; latitude: Decimal | null; longitude: Decimal | null; notes: string | null; isValid: boolean; verifiedAt: Date; ... 4 more ...; deviceType: string | null; }[]; } & { ...; }'.
src/domain/services/NfcSealService.ts(372,26): error TS2339: Property 'attachedAt' does not exist on type '{ verifications: { id: string; location: string | null; latitude: Decimal | null; longitude: Decimal | null; notes: string | null; isValid: boolean; verifiedAt: Date; ... 4 more ...; deviceType: string | null; }[]; } & { ...; }'.
src/domain/services/NfcSealService.ts(373,26): error TS2339: Property 'attachedBy' does not exist on type '{ verifications: { id: string; location: string | null; latitude: Decimal | null; longitude: Decimal | null; notes: string | null; isValid: boolean; verifiedAt: Date; ... 4 more ...; deviceType: string | null; }[]; } & { ...; }'.
src/domain/services/NfcSealService.ts(374,32): error TS2339: Property 'attachedLocation' does not exist on type '{ verifications: { id: string; location: string | null; latitude: Decimal | null; longitude: Decimal | null; notes: string | null; isValid: boolean; verifiedAt: Date; ... 4 more ...; deviceType: string | null; }[]; } & { ...; }'.
src/domain/services/NfcSealService.ts(375,32): error TS2339: Property 'attachedLatitude' does not exist on type '{ verifications: { id: string; location: string | null; latitude: Decimal | null; longitude: Decimal | null; notes: string | null; isValid: boolean; verifiedAt: Date; ... 4 more ...; deviceType: string | null; }[]; } & { ...; }'.
src/domain/services/NfcSealService.ts(375,63): error TS2339: Property 'attachedLatitude' does not exist on type '{ verifications: { id: string; location: string | null; latitude: Decimal | null; longitude: Decimal | null; notes: string | null; isValid: boolean; verifiedAt: Date; ... 4 more ...; deviceType: string | null; }[]; } & { ...; }'.
src/domain/services/NfcSealService.ts(376,33): error TS2339: Property 'attachedLongitude' does not exist on type '{ verifications: { id: string; location: string | null; latitude: Decimal | null; longitude: Decimal | null; notes: string | null; isValid: boolean; verifiedAt: Date; ... 4 more ...; deviceType: string | null; }[]; } & { ...; }'.
src/domain/services/NfcSealService.ts(376,65): error TS2339: Property 'attachedLongitude' does not exist on type '{ verifications: { id: string; location: string | null; latitude: Decimal | null; longitude: Decimal | null; notes: string | null; isValid: boolean; verifiedAt: Date; ... 4 more ...; deviceType: string | null; }[]; } & { ...; }'.
src/domain/services/NfcSealService.ts(377,25): error TS2339: Property 'removedAt' does not exist on type '{ verifications: { id: string; location: string | null; latitude: Decimal | null; longitude: Decimal | null; notes: string | null; isValid: boolean; verifiedAt: Date; ... 4 more ...; deviceType: string | null; }[]; } & { ...; }'.
src/domain/services/NfcSealService.ts(378,25): error TS2339: Property 'removedBy' does not exist on type '{ verifications: { id: string; location: string | null; latitude: Decimal | null; longitude: Decimal | null; notes: string | null; isValid: boolean; verifiedAt: Date; ... 4 more ...; deviceType: string | null; }[]; } & { ...; }'.
src/domain/services/NfcSealService.ts(379,31): error TS2339: Property 'removedLocation' does not exist on type '{ verifications: { id: string; location: string | null; latitude: Decimal | null; longitude: Decimal | null; notes: string | null; isValid: boolean; verifiedAt: Date; ... 4 more ...; deviceType: string | null; }[]; } & { ...; }'.
src/domain/services/NfcSealService.ts(380,31): error TS2339: Property 'tamperIndicator' does not exist on type '{ verifications: { id: string; location: string | null; latitude: Decimal | null; longitude: Decimal | null; notes: string | null; isValid: boolean; verifiedAt: Date; ... 4 more ...; deviceType: string | null; }[]; } & { ...; }'.
src/domain/services/NfcSealService.ts(381,29): error TS2339: Property 'tamperDetails' does not exist on type '{ verifications: { id: string; location: string | null; latitude: Decimal | null; longitude: Decimal | null; notes: string | null; isValid: boolean; verifiedAt: Date; ... 4 more ...; deviceType: string | null; }[]; } & { ...; }'.
src/domain/services/NfcSealService.ts(382,25): error TS2339: Property 'expiresAt' does not exist on type '{ verifications: { id: string; location: string | null; latitude: Decimal | null; longitude: Decimal | null; notes: string | null; isValid: boolean; verifiedAt: Date; ... 4 more ...; deviceType: string | null; }[]; } & { ...; }'.
src/domain/services/NfcSealService.ts(395,24): error TS2339: Property 'readCounter' does not exist on type '{ id: string; location: string | null; latitude: Decimal | null; longitude: Decimal | null; notes: string | null; isValid: boolean; verifiedAt: Date; deviceId: string | null; sealId: string; verifiedBy: string; tamperDetected: boolean; deviceType: string | null; }'.
src/domain/services/NfcSealService.ts(396,30): error TS2339: Property 'signatureProvided' does not exist on type '{ id: string; location: string | null; latitude: Decimal | null; longitude: Decimal | null; notes: string | null; isValid: boolean; verifiedAt: Date; deviceId: string | null; sealId: string; verifiedBy: string; tamperDetected: boolean; deviceType: string | null; }'.
src/domain/services/NfcSealService.ts(397,30): error TS2339: Property 'signatureExpected' does not exist on type '{ id: string; location: string | null; latitude: Decimal | null; longitude: Decimal | null; notes: string | null; isValid: boolean; verifiedAt: Date; deviceId: string | null; sealId: string; verifiedBy: string; tamperDetected: boolean; deviceType: string | null; }'.
src/domain/services/NfcSealService.ts(398,26): error TS2339: Property 'challengeUsed' does not exist on type '{ id: string; location: string | null; latitude: Decimal | null; longitude: Decimal | null; notes: string | null; isValid: boolean; verifiedAt: Date; deviceId: string | null; sealId: string; verifiedBy: string; tamperDetected: boolean; deviceType: string | null; }'.
src/domain/services/NfcSealService.ts(400,28): error TS2339: Property 'tamperIndicator' does not exist on type '{ id: string; location: string | null; latitude: Decimal | null; longitude: Decimal | null; notes: string | null; isValid: boolean; verifiedAt: Date; deviceId: string | null; sealId: string; verifiedBy: string; tamperDetected: boolean; deviceType: string | null; }'.
src/domain/services/NfcSealService.ts(401,26): error TS2339: Property 'tamperDetails' does not exist on type '{ id: string; location: string | null; latitude: Decimal | null; longitude: Decimal | null; notes: string | null; isValid: boolean; verifiedAt: Date; deviceId: string | null; sealId: string; verifiedBy: string; tamperDetected: boolean; deviceType: string | null; }'.
src/domain/services/NfcSealService.ts(402,23): error TS2551: Property 'deviceInfo' does not exist on type '{ id: string; location: string | null; latitude: Decimal | null; longitude: Decimal | null; notes: string | null; isValid: boolean; verifiedAt: Date; deviceId: string | null; sealId: string; verifiedBy: string; tamperDetected: boolean; deviceType: string | null; }'. Did you mean 'deviceId'?
src/domain/services/NfcSealService.ts(409,28): error TS2551: Property 'serialNumber' does not exist on type '{ verifications: { id: string; location: string | null; latitude: Decimal | null; longitude: Decimal | null; notes: string | null; isValid: boolean; verifiedAt: Date; ... 4 more ...; deviceType: string | null; }[]; } & { ...; }'. Did you mean 'sealNumber'?
src/domain/services/NfcSealService.ts(414,31): error TS2339: Property 'tamperIndicator' does not exist on type '{ verifications: { id: string; location: string | null; latitude: Decimal | null; longitude: Decimal | null; notes: string | null; isValid: boolean; verifiedAt: Date; ... 4 more ...; deviceType: string | null; }[]; } & { ...; }'.
src/domain/services/PublicTraceabilityService.ts(145,13): error TS2353: Object literal may only specify known properties, and 'name' does not exist in type 'UserSelect<DefaultArgs>'.
src/domain/services/PublicTraceabilityService.ts(158,20): error TS2353: Object literal may only specify known properties, and 'status' does not exist in type 'FieldWhereInput'.
src/domain/services/PublicTraceabilityService.ts(161,26): error TS2353: Object literal may only specify known properties, and 'captureDate' does not exist in type 'FieldImageryOrderByWithRelationInput | FieldImageryOrderByWithRelationInput[]'.
src/domain/services/PublicTraceabilityService.ts(175,32): error TS2339: Property 'batches' does not exist on type '{ userId: string; id: string; state: string; createdAt: Date; updatedAt: Date; businessName: string; rfc: string; municipality: string; address: string | null; latitude: Decimal; ... 6 more ...; exportCompanyId: string | null; }'.
src/domain/services/PublicTraceabilityService.ts(176,45): error TS2339: Property 'batches' does not exist on type '{ userId: string; id: string; state: string; createdAt: Date; updatedAt: Date; businessName: string; rfc: string; municipality: string; address: string | null; latitude: Decimal; ... 6 more ...; exportCompanyId: string | null; }'.
src/domain/services/PublicTraceabilityService.ts(182,18): error TS2339: Property 'fields' does not exist on type '{ userId: string; id: string; state: string; createdAt: Date; updatedAt: Date; businessName: string; rfc: string; municipality: string; address: string | null; latitude: Decimal; ... 6 more ...; exportCompanyId: string | null; }'.
src/domain/services/PublicTraceabilityService.ts(182,48): error TS2339: Property 'fields' does not exist on type '{ userId: string; id: string; state: string; createdAt: Date; updatedAt: Date; businessName: string; rfc: string; municipality: string; address: string | null; latitude: Decimal; ... 6 more ...; exportCompanyId: string | null; }'.
src/domain/services/PublicTraceabilityService.ts(183,37): error TS2339: Property 'fields' does not exist on type '{ userId: string; id: string; state: string; createdAt: Date; updatedAt: Date; businessName: string; rfc: string; municipality: string; address: string | null; latitude: Decimal; ... 6 more ...; exportCompanyId: string | null; }'.
src/domain/services/PublicTraceabilityService.ts(197,28): error TS2339: Property 'fields' does not exist on type '{ userId: string; id: string; state: string; createdAt: Date; updatedAt: Date; businessName: string; rfc: string; municipality: string; address: string | null; latitude: Decimal; ... 6 more ...; exportCompanyId: string | null; }'.
src/domain/services/PublicTraceabilityService.ts(210,32): error TS2339: Property 'certifications' does not exist on type '{ userId: string; id: string; state: string; createdAt: Date; updatedAt: Date; businessName: string; rfc: string; municipality: string; address: string | null; latitude: Decimal; ... 6 more ...; exportCompanyId: string | null; }'.
src/domain/services/PublicTraceabilityService.ts(257,24): error TS2353: Object literal may only specify known properties, and 'status' does not exist in type 'FieldWhereInput'.
src/domain/services/PublicTraceabilityService.ts(260,30): error TS2353: Object literal may only specify known properties, and 'captureDate' does not exist in type 'FieldImageryOrderByWithRelationInput | FieldImageryOrderByWithRelationInput[]'.
src/domain/services/QualityCertificateService.ts(79,27): error TS2339: Property 'latitude' does not exist on type '{ producerId: string; id: string; createdAt: Date; updatedAt: Date; status: BatchStatus; variety: Variety; origin: string; weightKg: Decimal; harvestDate: Date; blockchainHash: string; stagesFinalized: boolean; stagesFinalizedHash: string | null; stagesFinalizedTxId: string | null; }'.
src/domain/services/QualityCertificateService.ts(79,51): error TS2339: Property 'latitude' does not exist on type '{ producerId: string; id: string; createdAt: Date; updatedAt: Date; status: BatchStatus; variety: Variety; origin: string; weightKg: Decimal; harvestDate: Date; blockchainHash: string; stagesFinalized: boolean; stagesFinalizedHash: string | null; stagesFinalizedTxId: string | null; }'.
src/domain/services/QualityCertificateService.ts(80,28): error TS2339: Property 'longitude' does not exist on type '{ producerId: string; id: string; createdAt: Date; updatedAt: Date; status: BatchStatus; variety: Variety; origin: string; weightKg: Decimal; harvestDate: Date; blockchainHash: string; stagesFinalized: boolean; stagesFinalizedHash: string | null; stagesFinalizedTxId: string | null; }'.
src/domain/services/QualityCertificateService.ts(80,53): error TS2339: Property 'longitude' does not exist on type '{ producerId: string; id: string; createdAt: Date; updatedAt: Date; status: BatchStatus; variety: Variety; origin: string; weightKg: Decimal; harvestDate: Date; blockchainHash: string; stagesFinalized: boolean; stagesFinalizedHash: string | null; stagesFinalizedTxId: string | null; }'.
src/domain/services/QualityCertificateService.ts(296,41): error TS2339: Property 'code' does not exist on type '{ producerId: string; id: string; createdAt: Date; updatedAt: Date; status: BatchStatus; variety: Variety; origin: string; weightKg: Decimal; harvestDate: Date; blockchainHash: string; stagesFinalized: boolean; stagesFinalizedHash: string | null; stagesFinalizedTxId: string | null; }'.
src/domain/services/QualityCertificateService.ts(301,24): error TS2339: Property 'code' does not exist on type '{ producerId: string; id: string; createdAt: Date; updatedAt: Date; status: BatchStatus; variety: Variety; origin: string; weightKg: Decimal; harvestDate: Date; blockchainHash: string; stagesFinalized: boolean; stagesFinalizedHash: string | null; stagesFinalizedTxId: string | null; }'.
src/domain/services/QualityCertificateService.ts(310,25): error TS2339: Property 'cropType' does not exist on type '{ producerId: string; id: string; createdAt: Date; updatedAt: Date; status: BatchStatus; variety: Variety; origin: string; weightKg: Decimal; harvestDate: Date; blockchainHash: string; stagesFinalized: boolean; stagesFinalizedHash: string | null; stagesFinalizedTxId: string | null; }'.
src/domain/services/QualityCertificateService.ts(312,25): error TS2339: Property 'quantity' does not exist on type '{ producerId: string; id: string; createdAt: Date; updatedAt: Date; status: BatchStatus; variety: Variety; origin: string; weightKg: Decimal; harvestDate: Date; blockchainHash: string; stagesFinalized: boolean; stagesFinalizedHash: string | null; stagesFinalizedTxId: string | null; }'.
src/domain/services/QualityCertificateService.ts(312,49): error TS2339: Property 'quantity' does not exist on type '{ producerId: string; id: string; createdAt: Date; updatedAt: Date; status: BatchStatus; variety: Variety; origin: string; weightKg: Decimal; harvestDate: Date; blockchainHash: string; stagesFinalized: boolean; stagesFinalizedHash: string | null; stagesFinalizedTxId: string | null; }'.
src/domain/services/QualityCertificateService.ts(324,19): error TS2551: Property 'serialNumber' does not exist on type '{ verifications: { id: string; location: string | null; latitude: Decimal | null; longitude: Decimal | null; notes: string | null; isValid: boolean; verifiedAt: Date; ... 4 more ...; deviceType: string | null; }[]; } & { ...; }'. Did you mean 'sealNumber'?
src/domain/services/SatelliteImageryService.ts(397,15): error TS2353: Object literal may only specify known properties, and 'fieldId' does not exist in type '(Without<BatchUpdateInput, BatchUncheckedUpdateInput> & BatchUncheckedUpdateInput) | (Without<...> & BatchUpdateInput)'.
src/domain/services/StageFinalizationService.ts(87,24): error TS2339: Property 'code' does not exist on type '{ producerId: string; id: string; createdAt: Date; updatedAt: Date; status: BatchStatus; variety: Variety; origin: string; weightKg: Decimal; harvestDate: Date; blockchainHash: string; stagesFinalized: boolean; stagesFinalizedHash: string | null; stagesFinalizedTxId: string | null; }'.
src/domain/services/StageFinalizationService.ts(117,27): error TS2339: Property 'latitude' does not exist on type '{ producerId: string; id: string; createdAt: Date; updatedAt: Date; status: BatchStatus; variety: Variety; origin: string; weightKg: Decimal; harvestDate: Date; blockchainHash: string; stagesFinalized: boolean; stagesFinalizedHash: string | null; stagesFinalizedTxId: string | null; }'.
src/domain/services/StageFinalizationService.ts(117,51): error TS2339: Property 'latitude' does not exist on type '{ producerId: string; id: string; createdAt: Date; updatedAt: Date; status: BatchStatus; variety: Variety; origin: string; weightKg: Decimal; harvestDate: Date; blockchainHash: string; stagesFinalized: boolean; stagesFinalizedHash: string | null; stagesFinalizedTxId: string | null; }'.
src/domain/services/StageFinalizationService.ts(118,28): error TS2339: Property 'longitude' does not exist on type '{ producerId: string; id: string; createdAt: Date; updatedAt: Date; status: BatchStatus; variety: Variety; origin: string; weightKg: Decimal; harvestDate: Date; blockchainHash: string; stagesFinalized: boolean; stagesFinalizedHash: string | null; stagesFinalizedTxId: string | null; }'.
src/domain/services/StageFinalizationService.ts(118,53): error TS2339: Property 'longitude' does not exist on type '{ producerId: string; id: string; createdAt: Date; updatedAt: Date; status: BatchStatus; variety: Variety; origin: string; weightKg: Decimal; harvestDate: Date; blockchainHash: string; stagesFinalized: boolean; stagesFinalizedHash: string | null; stagesFinalizedTxId: string | null; }'.
src/domain/services/StageFinalizationService.ts(142,9): error TS2561: Object literal may only specify known properties, but 'stagesFinalizedAt' does not exist in type '(Without<BatchUpdateInput, BatchUncheckedUpdateInput> & BatchUncheckedUpdateInput) | (Without<...> & BatchUpdateInput)'. Did you mean to write 'stagesFinalized'?
src/domain/services/StageFinalizationService.ts(177,9): error TS2561: Object literal may only specify known properties, but 'stagesFinalizedAt' does not exist in type 'BatchSelect<DefaultArgs>'. Did you mean to write 'stagesFinalized'?
src/domain/services/StageFinalizationService.ts(193,26): error TS2551: Property 'stagesFinalizedAt' does not exist on type '{ producerId: string; id: string; createdAt: Date; updatedAt: Date; status: BatchStatus; variety: Variety; origin: string; weightKg: Decimal; harvestDate: Date; blockchainHash: string; stagesFinalized: boolean; stagesFinalizedHash: string | null; stagesFinalizedTxId: string | null; }'. Did you mean 'stagesFinalized'?
src/infrastructure/database/prisma/repositories/PrismaFieldImageryRepository.ts(8,3): error TS2305: Module '"@prisma/client"' has no exported member 'FieldStatus'.
src/infrastructure/database/prisma/repositories/PrismaFieldImageryRepository.ts(9,3): error TS2305: Module '"@prisma/client"' has no exported member 'ImagerySource'.
src/infrastructure/database/prisma/repositories/PrismaFieldImageryRepository.ts(10,3): error TS2305: Module '"@prisma/client"' has no exported member 'ImageryType'.
src/infrastructure/database/prisma/repositories/PrismaFieldImageryRepository.ts(71,16): error TS2353: Object literal may only specify known properties, and 'status' does not exist in type 'FieldWhereInput'.
src/infrastructure/database/prisma/repositories/PrismaFieldImageryRepository.ts(85,9): error TS2353: Object literal may only specify known properties, and 'centroidLatitude' does not exist in type 'FieldWhereInput'.
src/infrastructure/database/prisma/repositories/PrismaFieldImageryRepository.ts(100,9): error TS2353: Object literal may only specify known properties, and 'status' does not exist in type 'Without<FieldCreateInput, FieldUncheckedCreateInput> & FieldUncheckedCreateInput'.
src/infrastructure/database/prisma/repositories/PrismaFieldImageryRepository.ts(200,18): error TS2353: Object literal may only specify known properties, and 'captureDate' does not exist in type 'FieldImageryOrderByWithRelationInput | FieldImageryOrderByWithRelationInput[]'.
src/infrastructure/database/prisma/repositories/PrismaFieldImageryRepository.ts(213,9): error TS2561: Object literal may only specify known properties, but 'captureDate' does not exist in type 'FieldImageryWhereInput'. Did you mean to write 'capturedAt'?
src/infrastructure/database/prisma/repositories/PrismaFieldImageryRepository.ts(215,18): error TS2353: Object literal may only specify known properties, and 'captureDate' does not exist in type 'FieldImageryOrderByWithRelationInput | FieldImageryOrderByWithRelationInput[]'.
src/infrastructure/database/prisma/repositories/PrismaFieldImageryRepository.ts(229,9): error TS2353: Object literal may only specify known properties, and 'imageType' does not exist in type 'FieldImageryWhereInput'.
src/infrastructure/database/prisma/repositories/PrismaFieldImageryRepository.ts(231,18): error TS2353: Object literal may only specify known properties, and 'captureDate' does not exist in type 'FieldImageryOrderByWithRelationInput | FieldImageryOrderByWithRelationInput[]'.
src/infrastructure/database/prisma/repositories/PrismaFieldImageryRepository.ts(239,18): error TS2353: Object literal may only specify known properties, and 'captureDate' does not exist in type 'FieldImageryOrderByWithRelationInput | FieldImageryOrderByWithRelationInput[]'.
src/infrastructure/database/prisma/repositories/PrismaFieldImageryRepository.ts(251,9): error TS2561: Object literal may only specify known properties, but 'cloudCoverPercent' does not exist in type 'FieldImageryWhereInput'. Did you mean to write 'cloudCoverPct'?
src/infrastructure/database/prisma/repositories/PrismaFieldImageryRepository.ts(253,18): error TS2353: Object literal may only specify known properties, and 'captureDate' does not exist in type 'FieldImageryOrderByWithRelationInput | FieldImageryOrderByWithRelationInput[]'.
src/infrastructure/database/prisma/repositories/PrismaFieldImageryRepository.ts(263,9): error TS2353: Object literal may only specify known properties, and 'imageType' does not exist in type 'Without<FieldImageryCreateInput, FieldImageryUncheckedCreateInput> & FieldImageryUncheckedCreateInput'.
src/infrastructure/database/prisma/repositories/PrismaFieldImageryRepository.ts(282,7): error TS2322: Type '{ fieldId: string; source: PrismaImagerySource; imageType: PrismaImageryType; captureDate: Date; cloudCoverPercent: number; resolution: number; imageUrl: string; thumbnailUrl: string | null; ndviValue: number | null; ndwiValue: number | null; healthScore: number | null; anomalyDetected: boolean; anomalyDetails: stri...' is not assignable to type 'FieldImageryCreateManyInput | FieldImageryCreateManyInput[]'.
  Type '{ fieldId: string; source: PrismaImagerySource; imageType: PrismaImageryType; captureDate: Date; cloudCoverPercent: number; resolution: number; imageUrl: string; thumbnailUrl: string | null; ndviValue: number | null; ndwiValue: number | null; healthScore: number | null; anomalyDetected: boolean; anomalyDetails: stri...' is not assignable to type 'FieldImageryCreateManyInput[]'.
    Property 'capturedAt' is missing in type '{ fieldId: string; source: PrismaImagerySource; imageType: PrismaImageryType; captureDate: Date; cloudCoverPercent: number; resolution: number; imageUrl: string; thumbnailUrl: string | null; ... 5 more ...; metadata: any; }' but required in type 'FieldImageryCreateManyInput'.
src/infrastructure/database/prisma/repositories/PrismaFieldImageryRepository.ts(321,16): error TS2561: Object literal may only specify known properties, but 'captureDate' does not exist in type 'FieldImageryWhereInput'. Did you mean to write 'capturedAt'?
src/infrastructure/database/prisma/repositories/PrismaFieldImageryRepository.ts(334,9): error TS2561: Object literal may only specify known properties, but 'captureDate' does not exist in type 'FieldImageryWhereInput'. Did you mean to write 'capturedAt'?
src/infrastructure/database/prisma/repositories/PrismaFieldImageryRepository.ts(338,9): error TS2561: Object literal may only specify known properties, but 'captureDate' does not exist in type 'FieldImagerySelect<DefaultArgs>'. Did you mean to write 'capturedAt'?
src/infrastructure/database/prisma/repositories/PrismaFieldImageryRepository.ts(341,18): error TS2353: Object literal may only specify known properties, and 'captureDate' does not exist in type 'FieldImageryOrderByWithRelationInput | FieldImageryOrderByWithRelationInput[]'.
src/infrastructure/database/prisma/repositories/PrismaFieldImageryRepository.ts(345,15): error TS2551: Property 'captureDate' does not exist on type '{ id: string; createdAt: Date; source: string; healthScore: Decimal | null; fieldId: string; resolution: Decimal; ndviValue: Decimal | null; anomalyDetected: boolean; ... 6 more ...; analysisNotes: string | null; }'. Did you mean 'capturedAt'?
src/infrastructure/database/prisma/repositories/PrismaFieldImageryRepository.ts(361,20): error TS2353: Object literal may only specify known properties, and 'captureDate' does not exist in type 'FieldImageryOrderByWithRelationInput | FieldImageryOrderByWithRelationInput[]'.
src/infrastructure/database/prisma/repositories/PrismaFieldImageryRepository.ts(362,19): error TS2561: Object literal may only specify known properties, but 'captureDate' does not exist in type 'FieldImagerySelect<DefaultArgs>'. Did you mean to write 'capturedAt'?
src/infrastructure/database/prisma/repositories/PrismaFieldImageryRepository.ts(375,30): error TS2551: Property 'captureDate' does not exist on type '{ id: string; createdAt: Date; source: string; healthScore: Decimal | null; fieldId: string; resolution: Decimal; ndviValue: Decimal | null; anomalyDetected: boolean; ... 6 more ...; analysisNotes: string | null; }'. Did you mean 'capturedAt'?
src/infrastructure/database/prisma/repositories/PrismaNfcSealRepository.ts(9,3): error TS2305: Module '"@prisma/client"' has no exported member 'TamperIndicator'.
src/infrastructure/database/prisma/repositories/PrismaNfcSealRepository.ts(79,16): error TS2561: Object literal may only specify known properties, but 'serialNumber' does not exist in type 'NfcSealWhereUniqueInput'. Did you mean to write 'sealNumber'?
src/infrastructure/database/prisma/repositories/PrismaNfcSealRepository.ts(87,18): error TS2353: Object literal may only specify known properties, and 'attachedAt' does not exist in type 'NfcSealOrderByWithRelationInput | NfcSealOrderByWithRelationInput[]'.
src/infrastructure/database/prisma/repositories/PrismaNfcSealRepository.ts(103,9): error TS2322: Type '"PROVISIONED"' is not assignable to type 'NfcSealStatus | EnumNfcSealStatusFilter<"NfcSeal"> | undefined'.
src/infrastructure/database/prisma/repositories/PrismaNfcSealRepository.ts(104,9): error TS2322: Type 'null' is not assignable to type 'string | StringFilter<"NfcSeal"> | undefined'.
src/infrastructure/database/prisma/repositories/PrismaNfcSealRepository.ts(119,9): error TS2322: Type '"PROVISIONED"' is not assignable to type 'NfcSealStatus | undefined'.
src/infrastructure/database/prisma/repositories/PrismaNfcSealRepository.ts(167,9): error TS2353: Object literal may only specify known properties, and 'readCounter' does not exist in type 'Without<NfcSealVerificationCreateInput, NfcSealVerificationUncheckedCreateInput> & NfcSealVerificationUncheckedCreateInput'.
src/infrastructure/database/prisma/repositories/PrismaNfcSealRepository.ts(222,9): error TS2353: Object literal may only specify known properties, and 'expiresAt' does not exist in type 'NfcSealWhereInput'.
src/infrastructure/observability/apm.ts(123,36): error TS2307: Cannot find module 'dd-trace' or its corresponding type declarations.
src/infrastructure/observability/apm.ts(148,37): error TS2307: Cannot find module 'newrelic' or its corresponding type declarations.
src/infrastructure/observability/apm.ts(160,36): error TS2307: Cannot find module 'aws-xray-sdk' or its corresponding type declarations.
src/presentation/middlewares/auth.middleware.ts(83,9): error TS2322: Type 'import("/Users/mac/Documents/agrobridge-backend/apps/api/node_modules/.prisma/client/index").$Enums.UserRole' is not assignable to type 'import("/Users/mac/Documents/agrobridge-backend/apps/api/src/shared/types/express", { with: { "resolution-mode": "import" } }).UserRole'.
  Type '"QA"' is not assignable to type 'UserRole'.
src/presentation/routes/certificates.routes.ts(144,11): error TS2322: Type 'import("/Users/mac/Documents/agrobridge-backend/apps/api/node_modules/.prisma/client/index").$Enums.CertificateGrade' is not assignable to type 'import("/Users/mac/Documents/agrobridge-backend/apps/api/src/domain/entities/QualityCertificate", { with: { "resolution-mode": "import" } }).CertificateGrade'.
  Type '"EXPORT"' is not assignable to type 'CertificateGrade'.
src/presentation/routes/satellite-imagery.routes.ts(51,117): error TS2769: No overload matches this call.
  Overload 1 of 2, '(def: string): ZodDefault<ZodOptional<ZodPipeline<ZodEffects<ZodString, number, string>, ZodNumber>>>', gave the following error.
    Argument of type 'number' is not assignable to parameter of type 'string'.
  Overload 2 of 2, '(def: () => string): ZodDefault<ZodOptional<ZodPipeline<ZodEffects<ZodString, number, string>, ZodNumber>>>', gave the following error.
    Argument of type 'number' is not assignable to parameter of type '() => string'.
src/presentation/routes/satellite-imagery.routes.ts(86,57): error TS2345: Argument of type '{ boundaryGeoJson: any; name: string; cropType?: string | undefined; altitude?: number | undefined; description?: string | undefined; varietyName?: string | undefined; plantingDate?: Date | undefined; ... 4 more ...; producerId: any; }' is not assignable to parameter of type 'CreateFieldInput'.
  Types of property 'areaHectares' are incompatible.
    Type 'number | undefined' is not assignable to type 'number'.
      Type 'undefined' is not assignable to type 'number'.
